<?xml version="1.0" encoding="UTF-8"?>
<testsuite name="laurelinemartin.khollePGLP.PizzaTest" time="0" tests="2" errors="0" skipped="0" failures="2">
  <properties>
[...]
</properties>
  <testcase name="warning" classname="junit.framework.TestSuite$1" time="0">
    <failure message="Exception in constructor: testCalculCout (java.lang.Error: Unresolved compilation problems: &#10;	Syntax error on token &quot;(&quot;, delete this token&#10;	Syntax error on token(s), misplaced construct(s)&#10;	Syntax error, insert &quot;... VariableDeclaratorId&quot; to complete FormalParameterList&#10;&#10;	at laurelinemartin.khollePGLP.PizzaTest.&lt;init&gt;(PizzaTest.java:9)&#10;	at sun.reflect.NativeConstructorAccessorImpl.newInstance0(Native Method)&#10;	at sun.reflect.NativeConstructorAccessorImpl.newInstance(NativeConstructorAccessorImpl.java:62)&#10;	at sun.reflect.DelegatingConstructorAccessorImpl.newInstance(DelegatingConstructorAccessorImpl.java:45)&#10;	at java.lang.reflect.Constructor.newInstance(Constructor.java:423)&#10;	at junit.framework.TestSuite.createTest(TestSuite.java:131)&#10;	at junit.framework.TestSuite.addTestMethod(TestSuite.java:114)&#10;	at junit.framework.TestSuite.&lt;init&gt;(TestSuite.java:75)&#10;	at sun.reflect.NativeConstructorAccessorImpl.newInstance0(Native Method)&#10;	at sun.reflect.NativeConstructorAccessorImpl.newInstance(NativeConstructorAccessorImpl.java:62)&#10;	at sun.reflect.DelegatingConstructorAccessorImpl.newInstance(DelegatingConstructorAccessorImpl.java:45)&#10;	at java.lang.reflect.Constructor.newInstance(Constructor.java:423)&#10;	at org.apache.maven.surefire.common.junit3.JUnit3Reflector.constructTestObject(JUnit3Reflector.java:126)&#10;	at org.apache.maven.surefire.junit.JUnitTestSet.execute(JUnitTestSet.java:70)&#10;	at org.apache.maven.surefire.junit.JUnit3Provider.executeTestSet(JUnit3Provider.java:131)&#10;	at org.apache.maven.surefire.junit.JUnit3Provider.invoke(JUnit3Provider.java:108)&#10;	at org.apache.maven.surefire.booter.ForkedBooter.invokeProviderInSameClassLoader(ForkedBooter.java:200)&#10;	at org.apache.maven.surefire.booter.ForkedBooter.runSuitesInProcess(ForkedBooter.java:153)&#10;	at org.apache.maven.surefire.booter.ForkedBooter.main(ForkedBooter.java:103)&#10;)" type="junit.framework.AssertionFailedError"><![CDATA[junit.framework.AssertionFailedError: Exception in constructor: testCalculCout (java.lang.Error: Unresolved compilation problems: 
	Syntax error on token "(", delete this token
	Syntax error on token(s), misplaced construct(s)
	Syntax error, insert "... VariableDeclaratorId" to complete FormalParameterList
	at laurelinemartin.khollePGLP.PizzaTest.<init>(PizzaTest.java:9)
	at sun.reflect.NativeConstructorAccessorImpl.newInstance0(Native Method)
	at sun.reflect.NativeConstructorAccessorImpl.newInstance(NativeConstructorAccessorImpl.java:62)
	at sun.reflect.DelegatingConstructorAccessorImpl.newInstance(DelegatingConstructorAccessorImpl.java:45)
	at java.lang.reflect.Constructor.newInstance(Constructor.java:423)
	at junit.framework.TestSuite.createTest(TestSuite.java:131)
	at junit.framework.TestSuite.addTestMethod(TestSuite.java:114)
	at junit.framework.TestSuite.<init>(TestSuite.java:75)
	at sun.reflect.NativeConstructorAccessorImpl.newInstance0(Native Method)
	at sun.reflect.NativeConstructorAccessorImpl.newInstance(NativeConstructorAccessorImpl.java:62)
	at sun.reflect.DelegatingConstructorAccessorImpl.newInstance(DelegatingConstructorAccessorImpl.java:45)
	at java.lang.reflect.Constructor.newInstance(Constructor.java:423)
	at org.apache.maven.surefire.common.junit3.JUnit3Reflector.constructTestObject(JUnit3Reflector.java:126)
	at org.apache.maven.surefire.junit.JUnitTestSet.execute(JUnitTestSet.java:70)
	at org.apache.maven.surefire.junit.JUnit3Provider.executeTestSet(JUnit3Provider.java:131)
	at org.apache.maven.surefire.junit.JUnit3Provider.invoke(JUnit3Provider.java:108)
	at org.apache.maven.surefire.booter.ForkedBooter.invokeProviderInSameClassLoader(ForkedBooter.java:200)
	at org.apache.maven.surefire.booter.ForkedBooter.runSuitesInProcess(ForkedBooter.java:153)
	at org.apache.maven.surefire.booter.ForkedBooter.main(ForkedBooter.java:103)
)
	at junit.framework.Assert.fail(Assert.java:47)
	at junit.framework.TestSuite$1.runTest(TestSuite.java:263)
	at junit.framework.TestCase.runBare(TestCase.java:127)
	at junit.framework.TestResult$1.protect(TestResult.java:106)
	at junit.framework.TestResult.runProtected(TestResult.java:124)
	at junit.framework.TestResult.run(TestResult.java:109)
	at junit.framework.TestCase.run(TestCase.java:118)
	at junit.framework.TestSuite.runTest(TestSuite.java:208)
	at junit.framework.TestSuite.run(TestSuite.java:203)
	at sun.reflect.NativeMethodAccessorImpl.invoke0(Native Method)
	at sun.reflect.NativeMethodAccessorImpl.invoke(NativeMethodAccessorImpl.java:62)
	at sun.reflect.DelegatingMethodAccessorImpl.invoke(DelegatingMethodAccessorImpl.java:43)
	at java.lang.reflect.Method.invoke(Method.java:498)
	at org.apache.maven.surefire.junit.JUnitTestSet.execute(JUnitTestSet.java:95)
	at org.apache.maven.surefire.junit.JUnit3Provider.executeTestSet(JUnit3Provider.java:131)
	at org.apache.maven.surefire.junit.JUnit3Provider.invoke(JUnit3Provider.java:108)
	at org.apache.maven.surefire.booter.ForkedBooter.invokeProviderInSameClassLoader(ForkedBooter.java:200)
	at org.apache.maven.surefire.booter.ForkedBooter.runSuitesInProcess(ForkedBooter.java:153)
	at org.apache.maven.surefire.booter.ForkedBooter.main(ForkedBooter.java:103)
]]></failure>
  </testcase>
  <testcase name="warning" classname="junit.framework.TestSuite$1" time="0">
    <failure message="Exception in constructor: testNom (java.lang.Error: Unresolved compilation problems: &#10;	Syntax error on token &quot;(&quot;, delete this token&#10;	Syntax error on token(s), misplaced construct(s)&#10;	Syntax error, insert &quot;... VariableDeclaratorId&quot; to complete FormalParameterList&#10;&#10;	at laurelinemartin.khollePGLP.PizzaTest.&lt;init&gt;(PizzaTest.java:9)&#10;	at sun.reflect.NativeConstructorAccessorImpl.newInstance0(Native Method)&#10;	at sun.reflect.NativeConstructorAccessorImpl.newInstance(NativeConstructorAccessorImpl.java:62)&#10;	at sun.reflect.DelegatingConstructorAccessorImpl.newInstance(DelegatingConstructorAccessorImpl.java:45)&#10;	at java.lang.reflect.Constructor.newInstance(Constructor.java:423)&#10;	at junit.framework.TestSuite.createTest(TestSuite.java:131)&#10;	at junit.framework.TestSuite.addTestMethod(TestSuite.java:114)&#10;	at junit.framework.TestSuite.&lt;init&gt;(TestSuite.java:75)&#10;	at sun.reflect.NativeConstructorAccessorImpl.newInstance0(Native Method)&#10;	at sun.reflect.NativeConstructorAccessorImpl.newInstance(NativeConstructorAccessorImpl.java:62)&#10;	at sun.reflect.DelegatingConstructorAccessorImpl.newInstance(DelegatingConstructorAccessorImpl.java:45)&#10;	at java.lang.reflect.Constructor.newInstance(Constructor.java:423)&#10;	at org.apache.maven.surefire.common.junit3.JUnit3Reflector.constructTestObject(JUnit3Reflector.java:126)&#10;	at org.apache.maven.surefire.junit.JUnitTestSet.execute(JUnitTestSet.java:70)&#10;	at org.apache.maven.surefire.junit.JUnit3Provider.executeTestSet(JUnit3Provider.java:131)&#10;	at org.apache.maven.surefire.junit.JUnit3Provider.invoke(JUnit3Provider.java:108)&#10;	at org.apache.maven.surefire.booter.ForkedBooter.invokeProviderInSameClassLoader(ForkedBooter.java:200)&#10;	at org.apache.maven.surefire.booter.ForkedBooter.runSuitesInProcess(ForkedBooter.java:153)&#10;	at org.apache.maven.surefire.booter.ForkedBooter.main(ForkedBooter.java:103)&#10;)" type="junit.framework.AssertionFailedError"><![CDATA[junit.framework.AssertionFailedError: Exception in constructor: testNom (java.lang.Error: Unresolved compilation problems: 
	Syntax error on token "(", delete this token
	Syntax error on token(s), misplaced construct(s)
	Syntax error, insert "... VariableDeclaratorId" to complete FormalParameterList
	at laurelinemartin.khollePGLP.PizzaTest.<init>(PizzaTest.java:9)
	at sun.reflect.NativeConstructorAccessorImpl.newInstance0(Native Method)
	at sun.reflect.NativeConstructorAccessorImpl.newInstance(NativeConstructorAccessorImpl.java:62)
	at sun.reflect.DelegatingConstructorAccessorImpl.newInstance(DelegatingConstructorAccessorImpl.java:45)
	at java.lang.reflect.Constructor.newInstance(Constructor.java:423)
	at junit.framework.TestSuite.createTest(TestSuite.java:131)
	at junit.framework.TestSuite.addTestMethod(TestSuite.java:114)
	at junit.framework.TestSuite.<init>(TestSuite.java:75)
	at sun.reflect.NativeConstructorAccessorImpl.newInstance0(Native Method)
	at sun.reflect.NativeConstructorAccessorImpl.newInstance(NativeConstructorAccessorImpl.java:62)
	at sun.reflect.DelegatingConstructorAccessorImpl.newInstance(DelegatingConstructorAccessorImpl.java:45)
	at java.lang.reflect.Constructor.newInstance(Constructor.java:423)
	at org.apache.maven.surefire.common.junit3.JUnit3Reflector.constructTestObject(JUnit3Reflector.java:126)
	at org.apache.maven.surefire.junit.JUnitTestSet.execute(JUnitTestSet.java:70)
	at org.apache.maven.surefire.junit.JUnit3Provider.executeTestSet(JUnit3Provider.java:131)
	at org.apache.maven.surefire.junit.JUnit3Provider.invoke(JUnit3Provider.java:108)
	at org.apache.maven.surefire.booter.ForkedBooter.invokeProviderInSameClassLoader(ForkedBooter.java:200)
	at org.apache.maven.surefire.booter.ForkedBooter.runSuitesInProcess(ForkedBooter.java:153)
	at org.apache.maven.surefire.booter.ForkedBooter.main(ForkedBooter.java:103)
)
	at junit.framework.Assert.fail(Assert.java:47)
	at junit.framework.TestSuite$1.runTest(TestSuite.java:263)
	at junit.framework.TestCase.runBare(TestCase.java:127)
	at junit.framework.TestResult$1.protect(TestResult.java:106)
	at junit.framework.TestResult.runProtected(TestResult.java:124)
	at junit.framework.TestResult.run(TestResult.java:109)
	at junit.framework.TestCase.run(TestCase.java:118)
	at junit.framework.TestSuite.runTest(TestSuite.java:208)
	at junit.framework.TestSuite.run(TestSuite.java:203)
	at sun.reflect.NativeMethodAccessorImpl.invoke0(Native Method)
	at sun.reflect.NativeMethodAccessorImpl.invoke(NativeMethodAccessorImpl.java:62)
	at sun.reflect.DelegatingMethodAccessorImpl.invoke(DelegatingMethodAccessorImpl.java:43)
	at java.lang.reflect.Method.invoke(Method.java:498)
	at org.apache.maven.surefire.junit.JUnitTestSet.execute(JUnitTestSet.java:95)
	at org.apache.maven.surefire.junit.JUnit3Provider.executeTestSet(JUnit3Provider.java:131)
	at org.apache.maven.surefire.junit.JUnit3Provider.invoke(JUnit3Provider.java:108)
	at org.apache.maven.surefire.booter.ForkedBooter.invokeProviderInSameClassLoader(ForkedBooter.java:200)
	at org.apache.maven.surefire.booter.ForkedBooter.runSuitesInProcess(ForkedBooter.java:153)
	at org.apache.maven.surefire.booter.ForkedBooter.main(ForkedBooter.java:103)
]]></failure>
  </testcase>
</testsuite>